[debug] [2021-08-18T17:16:56.769Z] ----------------------------------------------------------------------
[debug] [2021-08-18T17:16:56.770Z] Command:       C:\Program Files\nodejs\node.exe C:\Users\Anmol_Sinha\AppData\Roaming\npm\node_modules\firebase-tools\lib\bin\firebase.js init
[debug] [2021-08-18T17:16:56.771Z] CLI Version:   9.16.5
[debug] [2021-08-18T17:16:56.771Z] Platform:      win32
[debug] [2021-08-18T17:16:56.771Z] Node Version:  v14.17.5
[debug] [2021-08-18T17:16:56.772Z] Time:          Wed Aug 18 2021 22:46:56 GMT+0530 (India Standard Time)
[debug] [2021-08-18T17:16:56.772Z] ----------------------------------------------------------------------
[debug] 
[debug] [2021-08-18T17:16:56.780Z] > command requires scopes: ["email","openid","https://www.googleapis.com/auth/cloudplatformprojects.readonly","https://www.googleapis.com/auth/firebase","https://www.googleapis.com/auth/cloud-platform"]
[debug] [2021-08-18T17:16:56.781Z] > authorizing via signed-in user (1805553@kiit.ac.in)
[info] 
     ######## #### ########  ######## ########     ###     ######  ########
     ##        ##  ##     ## ##       ##     ##  ##   ##  ##       ##
     ######    ##  ########  ######   ########  #########  ######  ######
     ##        ##  ##    ##  ##       ##     ## ##     ##       ## ##
     ##       #### ##     ## ######## ########  ##     ##  ######  ########

You're about to initialize a Firebase project in this directory:

  C:\Users\Anmol_Sinha\Desktop\Final Project\ReactJS\Production_Development\sudoku-solver

[info] 
=== Project Setup
[info] 
[info] First, let's associate this project directory with a Firebase project.
[info] You can create multiple project aliases by running firebase use --add, 
[info] but for now we'll just set up a default project.
[info] 
[info] i  .firebaserc already has a default project, using sudoku-ai-v1. 
[debug] [2021-08-18T17:19:19.969Z] > refreshing access token with scopes: []
[debug] [2021-08-18T17:19:19.970Z] >>> HTTP REQUEST POST https://www.googleapis.com/oauth2/v3/token  
 <request body omitted>
[debug] [2021-08-18T17:19:20.336Z] <<< HTTP RESPONSE 200 {"expires":"Mon, 01 Jan 1990 00:00:00 GMT","date":"Wed, 18 Aug 2021 17:19:20 GMT","pragma":"no-cache","cache-control":"no-cache, no-store, max-age=0, must-revalidate","content-type":"application/json; charset=utf-8","vary":"X-Origin, Referer, Origin,Accept-Encoding","server":"scaffolding on HTTPServer2","x-xss-protection":"0","x-frame-options":"SAMEORIGIN","x-content-type-options":"nosniff","alt-svc":"h3=\":443\"; ma=2592000,h3-29=\":443\"; ma=2592000,h3-T051=\":443\"; ma=2592000,h3-Q050=\":443\"; ma=2592000,h3-Q046=\":443\"; ma=2592000,h3-Q043=\":443\"; ma=2592000,quic=\":443\"; ma=2592000; v=\"46,43\"","accept-ranges":"none","transfer-encoding":"chunked"}
[debug] [2021-08-18T17:19:20.363Z] >>> [apiv2][query] GET https://firebase.googleapis.com/v1beta1/projects/sudoku-ai-v1 [none]
[debug] [2021-08-18T17:19:20.952Z] <<< [apiv2][status] GET https://firebase.googleapis.com/v1beta1/projects/sudoku-ai-v1 200
[debug] [2021-08-18T17:19:20.953Z] <<< [apiv2][body] GET https://firebase.googleapis.com/v1beta1/projects/sudoku-ai-v1 {"projectId":"sudoku-ai-v1","projectNumber":"497534105721","displayName":"sudoku-AI-v1","name":"projects/sudoku-ai-v1","resources":{"hostingSite":"sudoku-ai-v1"},"state":"ACTIVE"}
[info] 
=== Hosting Setup
[info] 
[info] Your public directory is the folder (relative to your project directory) that
[info] will contain Hosting assets to be uploaded with firebase deploy. If you
[info] have a build process for your assets, use your build's output directory.
[info] 
[info] +  Wrote build/404.html 
[debug] [2021-08-18T17:19:43.834Z] >>> [apiv2][query] GET https://www.gstatic.com/firebasejs/releases.json [none]
[debug] [2021-08-18T17:19:44.028Z] <<< [apiv2][status] GET https://www.gstatic.com/firebasejs/releases.json 200
[debug] [2021-08-18T17:19:44.029Z] <<< [apiv2][body] GET https://www.gstatic.com/firebasejs/releases.json {"current":{"version":"8.9.1","browserURL":"https://www.gstatic.com/firebasejs/8.9.1/firebase.js","packageURL":"https://www.gstatic.com/firebasejs/8.9.1/firebase.tgz"},"live":{"version":"8.9","browserURL":"https://www.gstatic.com/firebasejs/live/8.9/firebase.js","packageURL":"https://www.gstatic.com/firebasejs/live/8.9/firebase.tgz"},"components":{"analytics":"https://www.gstatic.com/firebasejs/8.9.1/firebase-analytics.js","app":"https://www.gstatic.com/firebasejs/8.9.1/firebase-app.js","app-check":"https://www.gstatic.com/firebasejs/8.9.1/firebase-app-check.js","auth":"https://www.gstatic.com/firebasejs/8.9.1/firebase-auth.js","database":"https://www.gstatic.com/firebasejs/8.9.1/firebase-database.js","firestore":"https://www.gstatic.com/firebasejs/8.9.1/firebase-firestore.js","functions":"https://www.gstatic.com/firebasejs/8.9.1/firebase-functions.js","installations":"https://www.gstatic.com/firebasejs/8.9.1/firebase-installations.js","messaging":"https://www.gstatic.com/firebasejs/8.9.1/firebase-messaging.js","storage":"https://www.gstatic.com/firebasejs/8.9.1/firebase-storage.js","performance":"https://www.gstatic.com/firebasejs/8.9.1/firebase-performance.js","remote-config":"https://www.gstatic.com/firebasejs/8.9.1/firebase-remote-config.js","firestore.memory":"https://www.gstatic.com/firebasejs/8.9.1/firebase-firestore.memory.js"}}
[info] i  Skipping write of build/index.html 
[info] 
[info] i  Detected a .git folder at C:\Users\Anmol_Sinha\Desktop\Final Project\ReactJS 
[info] i  Authorizing with GitHub to upload your service account to a GitHub repository's secrets store. 
[info] 
[info] Visit this URL on this device to log in:
[info] https://github.com/login/oauth/authorize?client_id=89cf50f02ac6aaed3484&state=808155241&redirect_uri=http%3A%2F%2Flocalhost%3A9005&scope=read%3Auser%20repo%20public_repo
[info] 
[info] Waiting for authentication...
[debug] [2021-08-18T17:19:51.251Z] >>> HTTP REQUEST POST https://github.com/login/oauth/access_token  
 {"client_id":"89cf50f02ac6aaed3484","client_secret":"3330d14abc895d9a74d5f17cd7a00711fa2c5bf0","code":"9351f10ddf948346165e","redirect_uri":"http://localhost:9005","state":"808155241"}
[debug] [2021-08-18T17:19:51.608Z] <<< HTTP RESPONSE 200 {"server":"GitHub.com","date":"Wed, 18 Aug 2021 17:19:52 GMT","content-type":"application/json; charset=utf-8","transfer-encoding":"chunked","vary":"X-PJAX, Accept-Encoding, Accept, X-Requested-With","permissions-policy":"interest-cohort=()","etag":"W/\"c658a5b8e173e5f2474017c33fb244d3\"","cache-control":"max-age=0, private, must-revalidate","strict-transport-security":"max-age=31536000; includeSubdomains; preload","x-frame-options":"deny","x-content-type-options":"nosniff","x-xss-protection":"0","referrer-policy":"origin-when-cross-origin, strict-origin-when-cross-origin","expect-ct":"max-age=2592000, report-uri=\"https://api.github.com/_private/browser/errors\"","content-security-policy":"default-src 'none'; base-uri 'self'; block-all-mixed-content; connect-src 'self' uploads.github.com www.githubstatus.com collector.githubapp.com api.github.com github-cloud.s3.amazonaws.com github-production-repository-file-5c1aeb.s3.amazonaws.com github-production-upload-manifest-file-7fdce7.s3.amazonaws.com github-production-user-asset-6210df.s3.amazonaws.com cdn.optimizely.com logx.optimizely.com/v1/events translator.github.com wss://alive.github.com; font-src github.githubassets.com; form-action 'self' github.com gist.github.com; frame-ancestors 'none'; frame-src render.githubusercontent.com viewscreen.githubusercontent.com; img-src 'self' data: github.githubassets.com identicons.github.com collector.githubapp.com github-cloud.s3.amazonaws.com secured-user-images.githubusercontent.com/ *.githubusercontent.com; manifest-src 'self'; media-src 'none'; script-src github.githubassets.com; style-src 'unsafe-inline' github.githubassets.com; worker-src github.com/socket-worker-3f088aa2.js gist.github.com/socket-worker-3f088aa2.js","x-github-request-id":"48E6:4C2E:66B2A:78C1D:611D4137"}
[debug] [2021-08-18T17:19:51.625Z] >>> [apiv2][query] GET https://api.github.com/user [none]
[debug] [2021-08-18T17:19:52.053Z] <<< [apiv2][status] GET https://api.github.com/user 200
[debug] [2021-08-18T17:19:52.054Z] <<< [apiv2][body] GET https://api.github.com/user {"login":"anmol-sinha-coder","id":54990023,"node_id":"MDQ6VXNlcjU0OTkwMDIz","avatar_url":"https://avatars.githubusercontent.com/u/54990023?v=4","gravatar_id":"","url":"https://api.github.com/users/anmol-sinha-coder","html_url":"https://github.com/anmol-sinha-coder","followers_url":"https://api.github.com/users/anmol-sinha-coder/followers","following_url":"https://api.github.com/users/anmol-sinha-coder/following{/other_user}","gists_url":"https://api.github.com/users/anmol-sinha-coder/gists{/gist_id}","starred_url":"https://api.github.com/users/anmol-sinha-coder/starred{/owner}{/repo}","subscriptions_url":"https://api.github.com/users/anmol-sinha-coder/subscriptions","organizations_url":"https://api.github.com/users/anmol-sinha-coder/orgs","repos_url":"https://api.github.com/users/anmol-sinha-coder/repos","events_url":"https://api.github.com/users/anmol-sinha-coder/events{/privacy}","received_events_url":"https://api.github.com/users/anmol-sinha-coder/received_events","type":"User","site_admin":false,"name":"Anmol Sinha","company":"Student at KIIT(Kalinga Institute of Industrial Technology)","blog":"www.linkedin.com/in/anmol-sinha-281061184","location":null,"email":null,"hireable":null,"bio":"TensorFlow | PyTorch | Open-CV | Jenkins | Docker | Kubernetes | Prometheus | Grafana | ELK Stack","twitter_username":null,"public_repos":19,"public_gists":0,"followers":21,"following":41,"created_at":"2019-09-06T13:52:26Z","updated_at":"2021-08-18T15:11:08Z","private_gists":0,"total_private_repos":7,"owned_private_repos":5,"disk_usage":796252,"collaborators":3,"two_factor_authentication":false,"plan":{"name":"pro","space":976562499,"collaborators":0,"private_repos":9999}}
[info] 
[info] +  Success! Logged into GitHub as anmol-sinha-coder 
[info] 
[debug] [2021-08-18T17:20:18.366Z] >>> [apiv2][query] GET https://api.github.com/repos/anmol-sinha-coder/React_JS/tree/main/Production_Development/sudoku-solver/actions/secrets/public-key type=owner
[debug] [2021-08-18T17:20:18.779Z] <<< [apiv2][status] GET https://api.github.com/repos/anmol-sinha-coder/React_JS/tree/main/Production_Development/sudoku-solver/actions/secrets/public-key 404
[debug] [2021-08-18T17:20:18.779Z] <<< [apiv2][body] GET https://api.github.com/repos/anmol-sinha-coder/React_JS/tree/main/Production_Development/sudoku-solver/actions/secrets/public-key {"message":"Not Found","documentation_url":"https://docs.github.com/rest"}
[debug] [2021-08-18T17:20:30.508Z] >>> [apiv2][query] GET https://api.github.com/repos/anmol-sinha-coder/React_JS/tree/main/Production_Development/sudoku-solver/actions/secrets/public-key type=owner
[debug] [2021-08-18T17:20:30.883Z] <<< [apiv2][status] GET https://api.github.com/repos/anmol-sinha-coder/React_JS/tree/main/Production_Development/sudoku-solver/actions/secrets/public-key 404
[debug] [2021-08-18T17:20:30.883Z] <<< [apiv2][body] GET https://api.github.com/repos/anmol-sinha-coder/React_JS/tree/main/Production_Development/sudoku-solver/actions/secrets/public-key {"message":"Not Found","documentation_url":"https://docs.github.com/rest"}
[debug] [2021-08-18T17:21:05.874Z] >>> [apiv2][query] GET https://api.github.com/repos/anmol-sinha-coder/React_JS/tree/main/Production_Development/sudoku-solver/actions/secrets/public-key type=owner
[debug] [2021-08-18T17:21:06.322Z] <<< [apiv2][status] GET https://api.github.com/repos/anmol-sinha-coder/React_JS/tree/main/Production_Development/sudoku-solver/actions/secrets/public-key 404
[debug] [2021-08-18T17:21:06.323Z] <<< [apiv2][body] GET https://api.github.com/repos/anmol-sinha-coder/React_JS/tree/main/Production_Development/sudoku-solver/actions/secrets/public-key {"message":"Not Found","documentation_url":"https://docs.github.com/rest"}
[debug] [2021-08-18T17:21:20.117Z] >>> [apiv2][query] GET https://api.github.com/repos/anmol-sinha-coder/React_JS/Production_Development/sudoku-solver/actions/secrets/public-key type=owner
[debug] [2021-08-18T17:21:20.485Z] <<< [apiv2][status] GET https://api.github.com/repos/anmol-sinha-coder/React_JS/Production_Development/sudoku-solver/actions/secrets/public-key 404
[debug] [2021-08-18T17:21:20.485Z] <<< [apiv2][body] GET https://api.github.com/repos/anmol-sinha-coder/React_JS/Production_Development/sudoku-solver/actions/secrets/public-key {"message":"Not Found","documentation_url":"https://docs.github.com/rest"}
[debug] [2021-08-18T17:21:25.755Z] >>> [apiv2][query] GET https://api.github.com/repos/anmol-sinha-coder/React_JS/Production_Development/sudoku-solver/actions/secrets/public-key type=owner
[debug] [2021-08-18T17:21:26.169Z] <<< [apiv2][status] GET https://api.github.com/repos/anmol-sinha-coder/React_JS/Production_Development/sudoku-solver/actions/secrets/public-key 404
[debug] [2021-08-18T17:21:26.169Z] <<< [apiv2][body] GET https://api.github.com/repos/anmol-sinha-coder/React_JS/Production_Development/sudoku-solver/actions/secrets/public-key {"message":"Not Found","documentation_url":"https://docs.github.com/rest"}
[debug] [2021-08-18T17:21:26.172Z] >>> [apiv2][query] GET https://api.github.com/repos//actions/secrets/public-key type=owner
[debug] [2021-08-18T17:21:26.496Z] <<< [apiv2][status] GET https://api.github.com/repos//actions/secrets/public-key 404
[debug] [2021-08-18T17:21:26.497Z] <<< [apiv2][body] GET https://api.github.com/repos//actions/secrets/public-key {"message":"Not Found","documentation_url":"https://docs.github.com/rest"}
